Determining if the pthread_create exist failed with the following output:
Change Dir: /home/csa/ws/test/build/catkin_tools_prebuild/CMakeFiles/CMakeTmp

Run Build Command:"/usr/bin/make" "cmTC_5434c/fast"
/usr/bin/make -f CMakeFiles/cmTC_5434c.dir/build.make CMakeFiles/cmTC_5434c.dir/build
make[1]: Entering directory '/home/csa/ws/test/build/catkin_tools_prebuild/CMakeFiles/CMakeTmp'
Building C object CMakeFiles/cmTC_5434c.dir/CheckSymbolExists.c.o
/usr/bin/cc     -o CMakeFiles/cmTC_5434c.dir/CheckSymbolExists.c.o   -c /home/csa/ws/test/build/catkin_tools_prebuild/CMakeFiles/CMakeTmp/CheckSymbolExists.c
Linking C executable cmTC_5434c
/usr/bin/cmake -E cmake_link_script CMakeFiles/cmTC_5434c.dir/link.txt --verbose=1
/usr/bin/cc       CMakeFiles/cmTC_5434c.dir/CheckSymbolExists.c.o  -o cmTC_5434c -rdynamic 
CMakeFiles/cmTC_5434c.dir/CheckSymbolExists.c.o: In function `main':
CheckSymbolExists.c:(.text+0x16): undefined reference to `pthread_create'
collect2: error: ld returned 1 exit status
CMakeFiles/cmTC_5434c.dir/build.make:97: recipe for target 'cmTC_5434c' failed
make[1]: *** [cmTC_5434c] Error 1
make[1]: Leaving directory '/home/csa/ws/test/build/catkin_tools_prebuild/CMakeFiles/CMakeTmp'
Makefile:126: recipe for target 'cmTC_5434c/fast' failed
make: *** [cmTC_5434c/fast] Error 2

File /home/csa/ws/test/build/catkin_tools_prebuild/CMakeFiles/CMakeTmp/CheckSymbolExists.c:
/* */
#include <pthread.h>

int main(int argc, char** argv)
{
  (void)argv;
#ifndef pthread_create
  return ((int*)(&pthread_create))[argc];
#else
  (void)argc;
  return 0;
#endif
}

Determining if the function pthread_create exists in the pthreads failed with the following output:
Change Dir: /home/csa/ws/test/build/catkin_tools_prebuild/CMakeFiles/CMakeTmp

Run Build Command:"/usr/bin/make" "cmTC_335bf/fast"
/usr/bin/make -f CMakeFiles/cmTC_335bf.dir/build.make CMakeFiles/cmTC_335bf.dir/build
make[1]: Entering directory '/home/csa/ws/test/build/catkin_tools_prebuild/CMakeFiles/CMakeTmp'
Building C object CMakeFiles/cmTC_335bf.dir/CheckFunctionExists.c.o
/usr/bin/cc    -DCHECK_FUNCTION_EXISTS=pthread_create   -o CMakeFiles/cmTC_335bf.dir/CheckFunctionExists.c.o   -c /usr/share/cmake-3.5/Modules/CheckFunctionExists.c
Linking C executable cmTC_335bf
/usr/bin/cmake -E cmake_link_script CMakeFiles/cmTC_335bf.dir/link.txt --verbose=1
/usr/bin/cc   -DCHECK_FUNCTION_EXISTS=pthread_create    CMakeFiles/cmTC_335bf.dir/CheckFunctionExists.c.o  -o cmTC_335bf -rdynamic -lpthreads 
/usr/bin/ld: cannot find -lpthreads
collect2: error: ld returned 1 exit status
CMakeFiles/cmTC_335bf.dir/build.make:97: recipe for target 'cmTC_335bf' failed
make[1]: *** [cmTC_335bf] Error 1
make[1]: Leaving directory '/home/csa/ws/test/build/catkin_tools_prebuild/CMakeFiles/CMakeTmp'
Makefile:126: recipe for target 'cmTC_335bf/fast' failed
make: *** [cmTC_335bf/fast] Error 2


